<?xml version="1.0" encoding="UTF-8"?>
<testng-results ignored="0" total="1" passed="1" failed="0" skipped="0">
  <reporter-output>
  </reporter-output>
  <suite started-at="2024-12-04T16:10:42 IST" name="Default suite" finished-at="2024-12-04T16:11:00 IST" duration-ms="17981">
    <groups>
    </groups>
    <test started-at="2024-12-04T16:10:42 IST" name="Default test" finished-at="2024-12-04T16:11:00 IST" duration-ms="17981">
      <class name="MavenPackagepractice.MavenProjectpractice.testcase1">
        <test-method signature="logintoAMZ()[pri:0, instance:MavenPackagepractice.MavenProjectpractice.testcase1@cb0755b]" started-at="2024-12-04T16:10:42 IST" name="logintoAMZ" finished-at="2024-12-04T16:11:00 IST" duration-ms="17910" status="PASS">
          <reporter-output>
          </reporter-output>
        </test-method> <!-- logintoAMZ -->
      </class> <!-- MavenPackagepractice.MavenProjectpractice.testcase1 -->
    </test> <!-- Default test -->
  </suite> <!-- Default suite -->
</testng-results>
